zego_call_test/build/app/intermediates/manifest_merge_blame_file/release/manifest-merger-blame-release-report.txt
1<?xml version="1.0" encoding="utf-8"?>
2<manifest xmlns:android="http://schemas.android.com/apk/res/android"
3    package="com.devonesoft.app.zego_call_test"
4    android:versionCode="1"
5    android:versionName="1.0.0" >
6
7    <uses-sdk
8        android:minSdkVersion="21"
8-->src\main\AndroidManifest.xml
9        android:targetSdkVersion="34" />
9-->src\main\AndroidManifest.xml
10
11    <uses-permission android:name="android.permission.INTERNET" />
11-->src\main\AndroidManifest.xml:2:5-67
11-->src\main\AndroidManifest.xml:2:22-64
12    <uses-permission android:name="android.permission.ACCESS_WIFI_STATE" />
12-->src\main\AndroidManifest.xml:3:5-76
12-->src\main\AndroidManifest.xml:3:22-73
13    <uses-permission android:name="android.permission.ACCESS_NETWORK_STATE" />
13-->src\main\AndroidManifest.xml:4:5-79
13-->src\main\AndroidManifest.xml:4:22-76
14    <uses-permission android:name="android.permission.BLUETOOTH" />
14-->src\main\AndroidManifest.xml:5:5-68
14-->src\main\AndroidManifest.xml:5:22-65
15    <uses-permission android:name="android.permission.READ_MEDIA_IMAGES" />
15-->src\main\AndroidManifest.xml:6:5-75
15-->src\main\AndroidManifest.xml:6:22-73
16    <uses-permission android:name="android.permission.RECORD_AUDIO" />
16-->src\main\AndroidManifest.xml:7:5-71
16-->src\main\AndroidManifest.xml:7:22-68
17    <uses-permission android:name="android.permission.MODIFY_AUDIO_SETTINGS" />
17-->src\main\AndroidManifest.xml:8:5-80
17-->src\main\AndroidManifest.xml:8:22-77
18    <uses-permission android:name="android.permission.CAMERA" />
18-->src\main\AndroidManifest.xml:9:5-65
18-->src\main\AndroidManifest.xml:9:22-62
19    <uses-permission android:name="android.permission.WAKE_LOCK" />
19-->src\main\AndroidManifest.xml:11:5-68
19-->src\main\AndroidManifest.xml:11:22-65
20    <uses-permission android:name="android.permission.VIBRATE" />
20-->src\main\AndroidManifest.xml:12:5-65
20-->src\main\AndroidManifest.xml:12:22-63
21    <uses-permission android:name="android.permission.ACCESS_NOTIFICATION_POLICY" />
21-->src\main\AndroidManifest.xml:14:5-84
21-->src\main\AndroidManifest.xml:14:22-82
22    <uses-permission android:name="android.permission.POST_NOTIFICATIONS" />
22-->src\main\AndroidManifest.xml:15:5-76
22-->src\main\AndroidManifest.xml:15:22-74
23    <!-- for bring app to foreground from background in Android 10 -->
24    <uses-permission android:name="android.permission.SYSTEM_ALERT_WINDOW" />
24-->src\main\AndroidManifest.xml:17:5-78
24-->src\main\AndroidManifest.xml:17:22-75
25    <uses-permission android:name="android.permission.READ_EXTERNAL_STORAGE" />
25-->[:file_picker] AndroidManifest.xml:9:5-80
25-->[:file_picker] AndroidManifest.xml:9:22-77
26
27    <queries>
27-->[:file_picker] AndroidManifest.xml:11:5-17:15
28        <intent>
28-->[:file_picker] AndroidManifest.xml:12:9-16:18
29            <action android:name="android.intent.action.GET_CONTENT" />
29-->[:file_picker] AndroidManifest.xml:13:13-72
29-->[:file_picker] AndroidManifest.xml:13:21-69
30
31            <data android:mimeType="*/*" />
31-->[:file_picker] AndroidManifest.xml:15:13-44
31-->[:file_picker] AndroidManifest.xml:15:19-41
32        </intent>
33        <intent>
33-->[im.zego:zpns:2.4.0] AndroidManifest.xml:18:9-20:18
34            <action android:name="com.huawei.hms.core.aidlservice" />
34-->[im.zego:zpns:2.4.0] AndroidManifest.xml:19:13-70
34-->[im.zego:zpns:2.4.0] AndroidManifest.xml:19:21-67
35        </intent>
36    </queries>
37
38    <uses-permission android:name="android.permission.BROADCAST_CLOSE_SYSTEM_DIALOGS" />
38-->[:awesome_notifications] AndroidManifest.xml:10:5-89
38-->[:awesome_notifications] AndroidManifest.xml:10:22-86
39    <uses-permission android:name="android.permission.RECEIVE_BOOT_COMPLETED" />
39-->[:awesome_notifications] AndroidManifest.xml:11:5-81
39-->[:awesome_notifications] AndroidManifest.xml:11:22-78
40    <uses-permission android:name="android.permission.FOREGROUND_SERVICE" />
40-->[:zego_express_engine] AndroidManifest.xml:9:5-77
40-->[:zego_express_engine] AndroidManifest.xml:9:22-74
41    <uses-permission android:name="android.permission.USE_FULL_SCREEN_INTENT" />
41-->[:flutter_callkit_incoming] AndroidManifest.xml:9:5-81
41-->[:flutter_callkit_incoming] AndroidManifest.xml:9:22-78
42    <uses-permission android:name="android.permission.MANAGE_OWN_CALLS" />
42-->[:flutter_callkit_incoming] AndroidManifest.xml:15:5-75
42-->[:flutter_callkit_incoming] AndroidManifest.xml:15:22-72
43    <uses-permission android:name="com.google.android.gms.permission.AD_ID" />
43-->[com.google.android.gms:play-services-measurement-api:21.5.0] AndroidManifest.xml:25:5-79
43-->[com.google.android.gms:play-services-measurement-api:21.5.0] AndroidManifest.xml:25:22-76
44    <uses-permission android:name="android.permission.ACCESS_ADSERVICES_ATTRIBUTION" />
44-->[com.google.android.gms:play-services-measurement-api:21.5.0] AndroidManifest.xml:26:5-88
44-->[com.google.android.gms:play-services-measurement-api:21.5.0] AndroidManifest.xml:26:22-85
45    <uses-permission android:name="android.permission.ACCESS_ADSERVICES_AD_ID" />
45-->[com.google.android.gms:play-services-measurement-api:21.5.0] AndroidManifest.xml:27:5-82
45-->[com.google.android.gms:play-services-measurement-api:21.5.0] AndroidManifest.xml:27:22-79
46    <uses-permission
46-->[me.carda:AndroidAwnCore:0.7.6] AndroidManifest.xml:10:5-12:38
47        android:name="android.permission.BIND_NOTIFICATION_LISTENER_SERVICE"
47-->[me.carda:AndroidAwnCore:0.7.6] AndroidManifest.xml:11:9-77
48        android:maxSdkVersion="22" />
48-->[me.carda:AndroidAwnCore:0.7.6] AndroidManifest.xml:12:9-35
49    <uses-permission android:name="android.permission.READ_PHONE_STATE" />
49-->[com.github.umair13adil:RxLogs:1.0.20] AndroidManifest.xml:13:5-75
49-->[com.github.umair13adil:RxLogs:1.0.20] AndroidManifest.xml:13:22-72
50    <uses-permission android:name="com.google.android.finsky.permission.BIND_GET_INSTALL_REFERRER_SERVICE" />
50-->[com.google.android.gms:play-services-measurement:21.5.0] AndroidManifest.xml:26:5-110
50-->[com.google.android.gms:play-services-measurement:21.5.0] AndroidManifest.xml:26:22-107
51
52    <permission
52-->[androidx.core:core:1.10.1] AndroidManifest.xml:22:5-24:47
53        android:name="com.devonesoft.app.zego_call_test.DYNAMIC_RECEIVER_NOT_EXPORTED_PERMISSION"
53-->[androidx.core:core:1.10.1] AndroidManifest.xml:23:9-81
54        android:protectionLevel="signature" />
54-->[androidx.core:core:1.10.1] AndroidManifest.xml:24:9-44
55
56    <uses-permission android:name="com.devonesoft.app.zego_call_test.DYNAMIC_RECEIVER_NOT_EXPORTED_PERMISSION" />
56-->[androidx.core:core:1.10.1] AndroidManifest.xml:26:5-97
56-->[androidx.core:core:1.10.1] AndroidManifest.xml:26:22-94
57    <uses-permission android:name="android.permission.WRITE_EXTERNAL_STORAGE" />
57-->[im.zego:zpns:2.4.0] AndroidManifest.xml:9:5-81
57-->[im.zego:zpns:2.4.0] AndroidManifest.xml:9:22-78
58    <uses-permission android:name="android.permission.GET_TASKS" /> <!-- for android -->
58-->[im.zego:zpns:2.4.0] AndroidManifest.xml:14:5-68
58-->[im.zego:zpns:2.4.0] AndroidManifest.xml:14:22-65
59    <!-- <uses-permission android:name="com.android.launcher.permission.READ_SETTINGS"/> -->
60    <!-- <uses-permission android:name="com.android.launcher.permission.WRITE_SETTINGS"/> -->
61    <!-- <uses-permission android:name="com.android.launcher.permission.INSTALL_SHORTCUT" /> -->
62    <!-- <uses-permission android:name="com.android.launcher.permission.UNINSTALL_SHORTCUT" /> -->
63    <!-- for Samsung -->
64    <uses-permission android:name="com.sec.android.provider.badge.permission.READ" />
64-->[me.leolin:ShortcutBadger:1.1.22] AndroidManifest.xml:19:5-86
64-->[me.leolin:ShortcutBadger:1.1.22] AndroidManifest.xml:19:22-83
65    <uses-permission android:name="com.sec.android.provider.badge.permission.WRITE" /> <!-- for htc -->
65-->[me.leolin:ShortcutBadger:1.1.22] AndroidManifest.xml:20:5-87
65-->[me.leolin:ShortcutBadger:1.1.22] AndroidManifest.xml:20:22-84
66    <uses-permission android:name="com.htc.launcher.permission.READ_SETTINGS" />
66-->[me.leolin:ShortcutBadger:1.1.22] AndroidManifest.xml:23:5-81
66-->[me.leolin:ShortcutBadger:1.1.22] AndroidManifest.xml:23:22-78
67    <uses-permission android:name="com.htc.launcher.permission.UPDATE_SHORTCUT" /> <!-- for sony -->
67-->[me.leolin:ShortcutBadger:1.1.22] AndroidManifest.xml:24:5-83
67-->[me.leolin:ShortcutBadger:1.1.22] AndroidManifest.xml:24:22-80
68    <uses-permission android:name="com.sonyericsson.home.permission.BROADCAST_BADGE" />
68-->[me.leolin:ShortcutBadger:1.1.22] AndroidManifest.xml:27:5-88
68-->[me.leolin:ShortcutBadger:1.1.22] AndroidManifest.xml:27:22-85
69    <uses-permission android:name="com.sonymobile.home.permission.PROVIDER_INSERT_BADGE" /> <!-- for apex -->
69-->[me.leolin:ShortcutBadger:1.1.22] AndroidManifest.xml:28:5-92
69-->[me.leolin:ShortcutBadger:1.1.22] AndroidManifest.xml:28:22-89
70    <uses-permission android:name="com.anddoes.launcher.permission.UPDATE_COUNT" /> <!-- for solid -->
70-->[me.leolin:ShortcutBadger:1.1.22] AndroidManifest.xml:31:5-84
70-->[me.leolin:ShortcutBadger:1.1.22] AndroidManifest.xml:31:22-81
71    <uses-permission android:name="com.majeur.launcher.permission.UPDATE_BADGE" /> <!-- for huawei -->
71-->[me.leolin:ShortcutBadger:1.1.22] AndroidManifest.xml:34:5-83
71-->[me.leolin:ShortcutBadger:1.1.22] AndroidManifest.xml:34:22-80
72    <uses-permission android:name="com.huawei.android.launcher.permission.CHANGE_BADGE" />
72-->[me.leolin:ShortcutBadger:1.1.22] AndroidManifest.xml:37:5-91
72-->[me.leolin:ShortcutBadger:1.1.22] AndroidManifest.xml:37:22-88
73    <uses-permission android:name="com.huawei.android.launcher.permission.READ_SETTINGS" />
73-->[me.leolin:ShortcutBadger:1.1.22] AndroidManifest.xml:38:5-92
73-->[me.leolin:ShortcutBadger:1.1.22] AndroidManifest.xml:38:22-89
74    <uses-permission android:name="com.huawei.android.launcher.permission.WRITE_SETTINGS" /> <!-- for ZUK -->
74-->[me.leolin:ShortcutBadger:1.1.22] AndroidManifest.xml:39:5-93
74-->[me.leolin:ShortcutBadger:1.1.22] AndroidManifest.xml:39:22-90
75    <uses-permission android:name="android.permission.READ_APP_BADGE" /> <!-- for OPPO -->
75-->[me.leolin:ShortcutBadger:1.1.22] AndroidManifest.xml:42:5-73
75-->[me.leolin:ShortcutBadger:1.1.22] AndroidManifest.xml:42:22-70
76    <uses-permission android:name="com.oppo.launcher.permission.READ_SETTINGS" />
76-->[me.leolin:ShortcutBadger:1.1.22] AndroidManifest.xml:45:5-82
76-->[me.leolin:ShortcutBadger:1.1.22] AndroidManifest.xml:45:22-79
77    <uses-permission android:name="com.oppo.launcher.permission.WRITE_SETTINGS" /> <!-- for EvMe -->
77-->[me.leolin:ShortcutBadger:1.1.22] AndroidManifest.xml:46:5-83
77-->[me.leolin:ShortcutBadger:1.1.22] AndroidManifest.xml:46:22-80
78    <uses-permission android:name="me.everything.badger.permission.BADGE_COUNT_READ" />
78-->[me.leolin:ShortcutBadger:1.1.22] AndroidManifest.xml:49:5-88
78-->[me.leolin:ShortcutBadger:1.1.22] AndroidManifest.xml:49:22-85
79    <uses-permission android:name="me.everything.badger.permission.BADGE_COUNT_WRITE" />
79-->[me.leolin:ShortcutBadger:1.1.22] AndroidManifest.xml:50:5-89
79-->[me.leolin:ShortcutBadger:1.1.22] AndroidManifest.xml:50:22-86
80
81    <application
82        android:name="android.app.Application"
82-->src\main\AndroidManifest.xml:21:9-42
83        android:appComponentFactory="androidx.core.app.CoreComponentFactory"
83-->[androidx.core:core:1.10.1] AndroidManifest.xml:28:18-86
84        android:icon="@mipmap/ic_launcher"
84-->src\main\AndroidManifest.xml:22:9-43
85        android:label="Zegola" >
85-->src\main\AndroidManifest.xml:20:9-31
86        <activity
86-->src\main\AndroidManifest.xml:23:9-43:20
87            android:name="com.devonesoft.app.zego_call_test.MainActivity"
87-->src\main\AndroidManifest.xml:24:13-41
88            android:configChanges="orientation|keyboardHidden|keyboard|screenSize|smallestScreenSize|locale|layoutDirection|fontScale|screenLayout|density|uiMode"
88-->src\main\AndroidManifest.xml:28:13-163
89            android:exported="true"
89-->src\main\AndroidManifest.xml:25:13-36
90            android:hardwareAccelerated="true"
90-->src\main\AndroidManifest.xml:29:13-47
91            android:launchMode="singleTop"
91-->src\main\AndroidManifest.xml:26:13-43
92            android:theme="@style/LaunchTheme"
92-->src\main\AndroidManifest.xml:27:13-47
93            android:windowSoftInputMode="adjustResize" >
93-->src\main\AndroidManifest.xml:30:13-55
94
95            <!--
96                 Specifies an Android theme to apply to this Activity as soon as
97                 the Android process has started. This theme is visible to the user
98                 while the Flutter UI initializes. After that, this theme continues
99                 to determine the Window background behind the Flutter UI.
100            -->
101            <meta-data
101-->src\main\AndroidManifest.xml:35:13-38:17
102                android:name="io.flutter.embedding.android.NormalTheme"
102-->src\main\AndroidManifest.xml:36:15-70
103                android:resource="@style/NormalTheme" />
103-->src\main\AndroidManifest.xml:37:15-52
104
105            <intent-filter>
105-->src\main\AndroidManifest.xml:39:13-42:29
106                <action android:name="android.intent.action.MAIN" />
106-->src\main\AndroidManifest.xml:40:17-68
106-->src\main\AndroidManifest.xml:40:25-66
107
108                <category android:name="android.intent.category.LAUNCHER" />
108-->src\main\AndroidManifest.xml:41:17-76
108-->src\main\AndroidManifest.xml:41:27-74
109            </intent-filter>
110        </activity>
111        <activity
111-->src\main\AndroidManifest.xml:44:9-47:71
112            android:name="com.yalantis.ucrop.UCropActivity"
112-->src\main\AndroidManifest.xml:45:13-60
113            android:screenOrientation="portrait"
113-->src\main\AndroidManifest.xml:46:13-49
114            android:theme="@style/Theme.AppCompat.Light.NoActionBar" />
114-->src\main\AndroidManifest.xml:47:13-69
115        <!--
116             Don't delete the meta-data below.
117             This is used by the Flutter tool to generate GeneratedPluginRegistrant.java
118        -->
119        <meta-data
119-->src\main\AndroidManifest.xml:50:9-52:33
120            android:name="flutterEmbedding"
120-->src\main\AndroidManifest.xml:51:13-44
121            android:value="2" />
121-->src\main\AndroidManifest.xml:52:13-30
122
123        <service
123-->[:cloud_firestore] AndroidManifest.xml:10:9-14:19
124            android:name="com.google.firebase.components.ComponentDiscoveryService"
124-->[:cloud_firestore] AndroidManifest.xml:10:18-89
125            android:directBootAware="true"
125-->[com.google.firebase:firebase-common:20.4.2] AndroidManifest.xml:32:13-43
126            android:exported="false" >
126-->[com.google.firebase:firebase-analytics-ktx:21.5.0] AndroidManifest.xml:10:13-37
127            <meta-data
127-->[:cloud_firestore] AndroidManifest.xml:11:13-13:85
128                android:name="com.google.firebase.components:io.flutter.plugins.firebase.firestore.FlutterFirebaseFirestoreRegistrar"
128-->[:cloud_firestore] AndroidManifest.xml:12:17-134
129                android:value="com.google.firebase.components.ComponentRegistrar" />
129-->[:cloud_firestore] AndroidManifest.xml:13:17-82
130            <meta-data
130-->[:firebase_auth] AndroidManifest.xml:11:13-13:85
131                android:name="com.google.firebase.components:io.flutter.plugins.firebase.auth.FlutterFirebaseAuthRegistrar"
131-->[:firebase_auth] AndroidManifest.xml:12:17-124
132                android:value="com.google.firebase.components.ComponentRegistrar" />
132-->[:firebase_auth] AndroidManifest.xml:13:17-82
133            <meta-data
133-->[:firebase_storage] AndroidManifest.xml:11:13-13:85
134                android:name="com.google.firebase.components:io.flutter.plugins.firebase.storage.FlutterFirebaseAppRegistrar"
134-->[:firebase_storage] AndroidManifest.xml:12:17-126
135                android:value="com.google.firebase.components.ComponentRegistrar" />
135-->[:firebase_storage] AndroidManifest.xml:13:17-82
136            <meta-data
136-->[:firebase_core] AndroidManifest.xml:11:13-13:85
137                android:name="com.google.firebase.components:io.flutter.plugins.firebase.core.FlutterFirebaseCoreRegistrar"
137-->[:firebase_core] AndroidManifest.xml:12:17-124
138                android:value="com.google.firebase.components.ComponentRegistrar" />
138-->[:firebase_core] AndroidManifest.xml:13:17-82
139            <meta-data
139-->[com.google.firebase:firebase-analytics-ktx:21.5.0] AndroidManifest.xml:11:13-13:85
140                android:name="com.google.firebase.components:com.google.firebase.analytics.ktx.FirebaseAnalyticsLegacyRegistrar"
140-->[com.google.firebase:firebase-analytics-ktx:21.5.0] AndroidManifest.xml:12:17-129
141                android:value="com.google.firebase.components.ComponentRegistrar" />
141-->[com.google.firebase:firebase-analytics-ktx:21.5.0] AndroidManifest.xml:13:17-82
142            <meta-data
142-->[com.google.firebase:firebase-firestore:24.9.1] AndroidManifest.xml:17:13-19:85
143                android:name="com.google.firebase.components:com.google.firebase.firestore.FirebaseFirestoreKtxRegistrar"
143-->[com.google.firebase:firebase-firestore:24.9.1] AndroidManifest.xml:18:17-122
144                android:value="com.google.firebase.components.ComponentRegistrar" />
144-->[com.google.firebase:firebase-firestore:24.9.1] AndroidManifest.xml:19:17-82
145            <meta-data
145-->[com.google.firebase:firebase-firestore:24.9.1] AndroidManifest.xml:20:13-22:85
146                android:name="com.google.firebase.components:com.google.firebase.firestore.FirestoreRegistrar"
146-->[com.google.firebase:firebase-firestore:24.9.1] AndroidManifest.xml:21:17-111
147                android:value="com.google.firebase.components.ComponentRegistrar" />
147-->[com.google.firebase:firebase-firestore:24.9.1] AndroidManifest.xml:22:17-82
148            <meta-data
148-->[com.google.firebase:firebase-auth:22.3.0] AndroidManifest.xml:69:13-71:85
149                android:name="com.google.firebase.components:com.google.firebase.auth.FirebaseAuthRegistrar"
149-->[com.google.firebase:firebase-auth:22.3.0] AndroidManifest.xml:70:17-109
150                android:value="com.google.firebase.components.ComponentRegistrar" />
150-->[com.google.firebase:firebase-auth:22.3.0] AndroidManifest.xml:71:17-82
151            <meta-data
151-->[com.google.firebase:firebase-storage:20.3.0] AndroidManifest.xml:30:13-32:85
152                android:name="com.google.firebase.components:com.google.firebase.storage.FirebaseStorageKtxRegistrar"
152-->[com.google.firebase:firebase-storage:20.3.0] AndroidManifest.xml:31:17-118
153                android:value="com.google.firebase.components.ComponentRegistrar" />
153-->[com.google.firebase:firebase-storage:20.3.0] AndroidManifest.xml:32:17-82
154            <meta-data
154-->[com.google.firebase:firebase-storage:20.3.0] AndroidManifest.xml:33:13-35:85
155                android:name="com.google.firebase.components:com.google.firebase.storage.StorageRegistrar"
155-->[com.google.firebase:firebase-storage:20.3.0] AndroidManifest.xml:34:17-107
156                android:value="com.google.firebase.components.ComponentRegistrar" />
156-->[com.google.firebase:firebase-storage:20.3.0] AndroidManifest.xml:35:17-82
157            <meta-data
157-->[com.google.firebase:firebase-appcheck:17.1.1] AndroidManifest.xml:25:13-27:85
158                android:name="com.google.firebase.components:com.google.firebase.appcheck.FirebaseAppCheckKtxRegistrar"
158-->[com.google.firebase:firebase-appcheck:17.1.1] AndroidManifest.xml:26:17-120
159                android:value="com.google.firebase.components.ComponentRegistrar" />
159-->[com.google.firebase:firebase-appcheck:17.1.1] AndroidManifest.xml:27:17-82
160            <meta-data
160-->[com.google.firebase:firebase-appcheck:17.1.1] AndroidManifest.xml:28:13-30:85
161                android:name="com.google.firebase.components:com.google.firebase.appcheck.FirebaseAppCheckRegistrar"
161-->[com.google.firebase:firebase-appcheck:17.1.1] AndroidManifest.xml:29:17-117
162                android:value="com.google.firebase.components.ComponentRegistrar" />
162-->[com.google.firebase:firebase-appcheck:17.1.1] AndroidManifest.xml:30:17-82
163            <meta-data
163-->[com.google.android.gms:play-services-measurement-api:21.5.0] AndroidManifest.xml:37:13-39:85
164                android:name="com.google.firebase.components:com.google.firebase.analytics.connector.internal.AnalyticsConnectorRegistrar"
164-->[com.google.android.gms:play-services-measurement-api:21.5.0] AndroidManifest.xml:38:17-139
165                android:value="com.google.firebase.components.ComponentRegistrar" />
165-->[com.google.android.gms:play-services-measurement-api:21.5.0] AndroidManifest.xml:39:17-82
166            <meta-data
166-->[com.google.firebase:firebase-installations:17.2.0] AndroidManifest.xml:15:13-17:85
167                android:name="com.google.firebase.components:com.google.firebase.installations.FirebaseInstallationsKtxRegistrar"
167-->[com.google.firebase:firebase-installations:17.2.0] AndroidManifest.xml:16:17-130
168                android:value="com.google.firebase.components.ComponentRegistrar" />
168-->[com.google.firebase:firebase-installations:17.2.0] AndroidManifest.xml:17:17-82
169            <meta-data
169-->[com.google.firebase:firebase-installations:17.2.0] AndroidManifest.xml:18:13-20:85
170                android:name="com.google.firebase.components:com.google.firebase.installations.FirebaseInstallationsRegistrar"
170-->[com.google.firebase:firebase-installations:17.2.0] AndroidManifest.xml:19:17-127
171                android:value="com.google.firebase.components.ComponentRegistrar" />
171-->[com.google.firebase:firebase-installations:17.2.0] AndroidManifest.xml:20:17-82
172            <meta-data
172-->[com.google.firebase:firebase-common-ktx:20.4.2] AndroidManifest.xml:12:13-14:85
173                android:name="com.google.firebase.components:com.google.firebase.ktx.FirebaseCommonLegacyRegistrar"
173-->[com.google.firebase:firebase-common-ktx:20.4.2] AndroidManifest.xml:13:17-116
174                android:value="com.google.firebase.components.ComponentRegistrar" />
174-->[com.google.firebase:firebase-common-ktx:20.4.2] AndroidManifest.xml:14:17-82
175            <meta-data
175-->[com.google.firebase:firebase-common:20.4.2] AndroidManifest.xml:35:13-37:85
176                android:name="com.google.firebase.components:com.google.firebase.FirebaseCommonKtxRegistrar"
176-->[com.google.firebase:firebase-common:20.4.2] AndroidManifest.xml:36:17-109
177                android:value="com.google.firebase.components.ComponentRegistrar" />
177-->[com.google.firebase:firebase-common:20.4.2] AndroidManifest.xml:37:17-82
178        </service>
179        <service
179-->[:zego_zpns] AndroidManifest.xml:10:9-13:72
180            android:name="im.zego.zpns_flutter.internal.utils.ZPNsMessagingBackgroundService"
180-->[:zego_zpns] AndroidManifest.xml:11:13-94
181            android:exported="false"
181-->[:zego_zpns] AndroidManifest.xml:12:13-37
182            android:permission="android.permission.BIND_JOB_SERVICE" />
182-->[:zego_zpns] AndroidManifest.xml:13:13-69
183
184        <receiver
184-->[:zego_zpns] AndroidManifest.xml:15:9-22:20
185            android:name="im.zego.zpns_flutter.internal.ZPNsPluginEventHandler"
185-->[:zego_zpns] AndroidManifest.xml:16:13-80
186            android:enabled="true"
186-->[:zego_zpns] AndroidManifest.xml:17:13-35
187            android:exported="true" >
187-->[:zego_zpns] AndroidManifest.xml:18:13-36
188            <intent-filter>
188-->[:zego_zpns] AndroidManifest.xml:19:13-21:29
189                <action android:name="im.zego.zim.zpns.intent.action.MESSAGE" />
189-->[:zego_zpns] AndroidManifest.xml:20:17-81
189-->[:zego_zpns] AndroidManifest.xml:20:25-78
190            </intent-filter>
191        </receiver>
192
193        <provider
193-->[:image_picker_android] AndroidManifest.xml:10:9-18:20
194            android:name="io.flutter.plugins.imagepicker.ImagePickerFileProvider"
194-->[:image_picker_android] AndroidManifest.xml:11:13-82
195            android:authorities="com.devonesoft.app.zego_call_test.flutter.image_provider"
195-->[:image_picker_android] AndroidManifest.xml:12:13-74
196            android:exported="false"
196-->[:image_picker_android] AndroidManifest.xml:13:13-37
197            android:grantUriPermissions="true" >
197-->[:image_picker_android] AndroidManifest.xml:14:13-47
198            <meta-data
198-->[:image_picker_android] AndroidManifest.xml:15:13-17:75
199                android:name="android.support.FILE_PROVIDER_PATHS"
199-->[:image_picker_android] AndroidManifest.xml:16:17-67
200                android:resource="@xml/flutter_image_picker_file_paths" />
200-->[:image_picker_android] AndroidManifest.xml:17:17-72
201        </provider>
202
203        <receiver
203-->[:awesome_notifications] AndroidManifest.xml:15:9-17:39
204            android:name="me.carda.awesome_notifications.DartNotificationActionReceiver"
204-->[:awesome_notifications] AndroidManifest.xml:16:13-89
205            android:exported="true" />
205-->[:awesome_notifications] AndroidManifest.xml:17:13-36
206        <receiver
206-->[:awesome_notifications] AndroidManifest.xml:18:9-20:39
207            android:name="me.carda.awesome_notifications.DartDismissedNotificationReceiver"
207-->[:awesome_notifications] AndroidManifest.xml:19:13-92
208            android:exported="true" />
208-->[:awesome_notifications] AndroidManifest.xml:20:13-36
209        <receiver
209-->[:awesome_notifications] AndroidManifest.xml:21:9-23:39
210            android:name="me.carda.awesome_notifications.DartScheduledNotificationReceiver"
210-->[:awesome_notifications] AndroidManifest.xml:22:13-92
211            android:exported="true" />
211-->[:awesome_notifications] AndroidManifest.xml:23:13-36
212        <receiver
212-->[:awesome_notifications] AndroidManifest.xml:24:9-38:20
213            android:name="me.carda.awesome_notifications.DartRefreshSchedulesReceiver"
213-->[:awesome_notifications] AndroidManifest.xml:25:13-87
214            android:enabled="true"
214-->[:awesome_notifications] AndroidManifest.xml:26:13-35
215            android:exported="true" >
215-->[:awesome_notifications] AndroidManifest.xml:27:13-36
216            <intent-filter>
216-->[:awesome_notifications] AndroidManifest.xml:28:13-37:29
217                <category android:name="android.intent.category.DEFAULT" />
217-->[:awesome_notifications] AndroidManifest.xml:29:17-76
217-->[:awesome_notifications] AndroidManifest.xml:29:27-73
218
219                <action android:name="android.intent.action.BOOT_COMPLETED" />
219-->[:awesome_notifications] AndroidManifest.xml:31:17-79
219-->[:awesome_notifications] AndroidManifest.xml:31:25-76
220                <action android:name="android.intent.action.LOCKED_BOOT_COMPLETED" />
220-->[:awesome_notifications] AndroidManifest.xml:32:17-86
220-->[:awesome_notifications] AndroidManifest.xml:32:25-83
221                <action android:name="android.intent.action.MY_PACKAGE_REPLACED" />
221-->[:awesome_notifications] AndroidManifest.xml:33:17-84
221-->[:awesome_notifications] AndroidManifest.xml:33:25-81
222                <action android:name="android.intent.action.QUICKBOOT_POWERON" />
222-->[:awesome_notifications] AndroidManifest.xml:34:17-82
222-->[:awesome_notifications] AndroidManifest.xml:34:25-79
223                <action android:name="com.htc.intent.action.QUICKBOOT_POWERON" />
223-->[:awesome_notifications] AndroidManifest.xml:35:17-82
223-->[:awesome_notifications] AndroidManifest.xml:35:25-79
224                <action android:name="android.app.action.SCHEDULE_EXACT_ALARM_PERMISSION_STATE_CHANGED" />
224-->[:awesome_notifications] AndroidManifest.xml:36:17-107
224-->[:awesome_notifications] AndroidManifest.xml:36:25-104
225            </intent-filter>
226        </receiver>
227
228        <service
228-->[:awesome_notifications] AndroidManifest.xml:40:9-43:72
229            android:name="me.carda.awesome_notifications.DartBackgroundService"
229-->[:awesome_notifications] AndroidManifest.xml:41:13-80
230            android:exported="false"
230-->[:awesome_notifications] AndroidManifest.xml:42:13-37
231            android:permission="android.permission.BIND_JOB_SERVICE" />
231-->[:awesome_notifications] AndroidManifest.xml:43:13-69
232        <service
232-->[:awesome_notifications] AndroidManifest.xml:44:9-49:43
233            android:name="me.carda.awesome_notifications.core.services.ForegroundService"
233-->[:awesome_notifications] AndroidManifest.xml:45:13-90
234            android:enabled="true"
234-->[:awesome_notifications] AndroidManifest.xml:46:13-35
235            android:exported="false"
235-->[:awesome_notifications] AndroidManifest.xml:47:13-37
236            android:foregroundServiceType="phoneCall"
236-->[:awesome_notifications] AndroidManifest.xml:48:13-54
237            android:stopWithTask="true" />
237-->[:awesome_notifications] AndroidManifest.xml:49:13-40
238
239        <activity
239-->[:zego_express_engine] AndroidManifest.xml:12:9-17:64
240            android:name="im.zego.internal.screencapture.ZegoScreenCaptureManager$ZegoScreenCaptureAssistantActivity"
240-->[:zego_express_engine] AndroidManifest.xml:13:13-118
241            android:configChanges="screenSize|orientation"
241-->[:zego_express_engine] AndroidManifest.xml:14:13-59
242            android:exported="false"
242-->[:zego_express_engine] AndroidManifest.xml:15:13-37
243            android:screenOrientation="fullUser"
243-->[:zego_express_engine] AndroidManifest.xml:16:13-49
244            android:theme="@android:style/Theme.Translucent" />